<?xml version="1.0" encoding="UTF-8"?>
<testsuite name="lv.restaurant.core.services.user.LoginServiceTest" tests="3" skipped="0" failures="0" errors="0" timestamp="2022-01-09T13:15:11" hostname="DESKTOP-O7BBCNE" time="0.383">
  <properties/>
  <testcase name="shouldNotLoginBecauseUserNotFound" classname="lv.restaurant.core.services.user.LoginServiceTest" time="0.276"/>
  <testcase name="shouldNotLoginUser" classname="lv.restaurant.core.services.user.LoginServiceTest" time="0.004"/>
  <testcase name="shouldLoginUser" classname="lv.restaurant.core.services.user.LoginServiceTest" time="0.1"/>
  <system-out><![CDATA[]]></system-out>
  <system-err><![CDATA[]]></system-err>
</testsuite>
