<?xml version="1.0" encoding="UTF-8"?>
<testsuite name="lv.restaurant.core.services.user.validators.LoginValidatorTest" tests="6" skipped="0" failures="0" errors="0" timestamp="2022-01-09T13:15:11" hostname="DESKTOP-O7BBCNE" time="0.049">
  <properties/>
  <testcase name="shouldReturnErrorIfEmailDoNotContainSymbol" classname="lv.restaurant.core.services.user.validators.LoginValidatorTest" time="0.013"/>
  <testcase name="shouldReturnErrorsEmailAndIfPasswordAreEmpty" classname="lv.restaurant.core.services.user.validators.LoginValidatorTest" time="0.006"/>
  <testcase name="shouldReturnErrorIfUserIsNotRegistered" classname="lv.restaurant.core.services.user.validators.LoginValidatorTest" time="0.003"/>
  <testcase name="shouldReturnEmptyErrorList" classname="lv.restaurant.core.services.user.validators.LoginValidatorTest" time="0.004"/>
  <testcase name="shouldReturnErrorIfPasswordIsEmpty" classname="lv.restaurant.core.services.user.validators.LoginValidatorTest" time="0.004"/>
  <testcase name="shouldReturnErrorIfEmailIsEmpty" classname="lv.restaurant.core.services.user.validators.LoginValidatorTest" time="0.003"/>
  <system-out><![CDATA[]]></system-out>
  <system-err><![CDATA[]]></system-err>
</testsuite>
