<?xml version="1.0" encoding="UTF-8"?>
<testsuite name="lv.restaurant.core.services.product.validators.AddProductValidatorTest" tests="5" skipped="0" failures="0" errors="0" timestamp="2022-01-09T13:15:11" hostname="DESKTOP-O7BBCNE" time="0.009">
  <properties/>
  <testcase name="shouldSuccessfullyAdd" classname="lv.restaurant.core.services.product.validators.AddProductValidatorTest" time="0.003"/>
  <testcase name="shouldReturnErrorWhenExpiryDateIsNull" classname="lv.restaurant.core.services.product.validators.AddProductValidatorTest" time="0.0"/>
  <testcase name="shouldReturnErrorWhenNameIsNull" classname="lv.restaurant.core.services.product.validators.AddProductValidatorTest" time="0.001"/>
  <testcase name="shouldReturnErrorWhenQuantityIsNull" classname="lv.restaurant.core.services.product.validators.AddProductValidatorTest" time="0.001"/>
  <testcase name="shouldReturnErrorWhenPriceIsNull" classname="lv.restaurant.core.services.product.validators.AddProductValidatorTest" time="0.001"/>
  <system-out><![CDATA[]]></system-out>
  <system-err><![CDATA[]]></system-err>
</testsuite>
