<?xml version="1.0" encoding="UTF-8"?>
<testsuite name="lv.restaurant.core.services.user.validators.ChangePasswordValidatorTest" tests="5" skipped="0" failures="0" errors="0" timestamp="2022-01-09T13:15:11" hostname="DESKTOP-O7BBCNE" time="0.012">
  <properties/>
  <testcase name="shouldReturnErrorIfEmailDoNotContainSymbol" classname="lv.restaurant.core.services.user.validators.ChangePasswordValidatorTest" time="0.002"/>
  <testcase name="shouldReturnErrorIfEmailIsNotFound" classname="lv.restaurant.core.services.user.validators.ChangePasswordValidatorTest" time="0.003"/>
  <testcase name="shouldReturnEmptyErrorList" classname="lv.restaurant.core.services.user.validators.ChangePasswordValidatorTest" time="0.002"/>
  <testcase name="shouldReturnErrorIfPasswordIsEmpty" classname="lv.restaurant.core.services.user.validators.ChangePasswordValidatorTest" time="0.001"/>
  <testcase name="shouldReturnErrorIfEmailIsEmpty" classname="lv.restaurant.core.services.user.validators.ChangePasswordValidatorTest" time="0.002"/>
  <system-out><![CDATA[]]></system-out>
  <system-err><![CDATA[]]></system-err>
</testsuite>
