<?xml version="1.0" encoding="UTF-8"?>
<testsuite name="lv.restaurant.core.services.dish.validators.AddDishValidatorTest" tests="7" skipped="0" failures="0" errors="0" timestamp="2022-01-09T13:15:11" hostname="DESKTOP-O7BBCNE" time="0.027">
  <properties/>
  <testcase name="shouldSuccess" classname="lv.restaurant.core.services.dish.validators.AddDishValidatorTest" time="0.007"/>
  <testcase name="shouldReturnErrorWhenWeightIsNull" classname="lv.restaurant.core.services.dish.validators.AddDishValidatorTest" time="0.001"/>
  <testcase name="shouldReturnErrorWhenTypeIsNull" classname="lv.restaurant.core.services.dish.validators.AddDishValidatorTest" time="0.0"/>
  <testcase name="shouldReturnErrorWhenDescriptionIsNull" classname="lv.restaurant.core.services.dish.validators.AddDishValidatorTest" time="0.001"/>
  <testcase name="shouldReturnErrorWhenNameIsNull" classname="lv.restaurant.core.services.dish.validators.AddDishValidatorTest" time="0.001"/>
  <testcase name="shouldReturnErrorsWhenAllFieldsAreNull" classname="lv.restaurant.core.services.dish.validators.AddDishValidatorTest" time="0.004"/>
  <testcase name="shouldReturnErrorWhenPriceIsNull" classname="lv.restaurant.core.services.dish.validators.AddDishValidatorTest" time="0.002"/>
  <system-out><![CDATA[]]></system-out>
  <system-err><![CDATA[]]></system-err>
</testsuite>
