<?xml version="1.0" encoding="UTF-8"?>
<testsuite name="lv.restaurant.core.services.dish.validators.RemoveDishValidatorTest" tests="2" skipped="0" failures="0" errors="0" timestamp="2022-01-09T13:15:11" hostname="DESKTOP-O7BBCNE" time="0.011">
  <properties/>
  <testcase name="shouldRemoveDish" classname="lv.restaurant.core.services.dish.validators.RemoveDishValidatorTest" time="0.005"/>
  <testcase name="shouldReturnErrorWhenNameIsNull" classname="lv.restaurant.core.services.dish.validators.RemoveDishValidatorTest" time="0.003"/>
  <system-out><![CDATA[]]></system-out>
  <system-err><![CDATA[]]></system-err>
</testsuite>
