<?xml version="1.0" encoding="UTF-8"?>
<testsuite name="lv.restaurant.core.services.user.ChangePasswordServiceTest" tests="2" skipped="0" failures="0" errors="0" timestamp="2022-01-09T13:15:11" hostname="DESKTOP-O7BBCNE" time="0.027">
  <properties/>
  <testcase name="shouldNotChangePassword" classname="lv.restaurant.core.services.user.ChangePasswordServiceTest" time="0.024"/>
  <testcase name="shouldChangePassword" classname="lv.restaurant.core.services.user.ChangePasswordServiceTest" time="0.003"/>
  <system-out><![CDATA[]]></system-out>
  <system-err><![CDATA[]]></system-err>
</testsuite>
